{"level":60,"time":1715410018776,"pid":11784,"hostname":"DESKTOP-D7AG2LN","error":"404","url":"/api/v1/meetings"}
{"level":60,"time":1715415238596,"pid":16556,"hostname":"DESKTOP-D7AG2LN","error":"404","url":"/meetings/1"}
{"level":60,"time":1715415245624,"pid":16556,"hostname":"DESKTOP-D7AG2LN","error":"404","url":"/meetings/1"}
{"level":60,"time":1715415393977,"pid":16556,"hostname":"DESKTOP-D7AG2LN","error":"404","url":"/meetings/1"}
{"level":60,"time":1715415394676,"pid":16556,"hostname":"DESKTOP-D7AG2LN","error":"404","url":"/meetings/1"}
{"level":60,"time":1715415404203,"pid":16556,"hostname":"DESKTOP-D7AG2LN","error":"404","url":"/meetings/1"}
{"level":60,"time":1715415562773,"pid":16892,"hostname":"DESKTOP-D7AG2LN","error":"404","url":"/meetings/1"}
{"level":60,"time":1715492748643,"pid":8592,"hostname":"DESKTOP-D7AG2LN","error":"404","url":"/api/v1/tasks/update"}
{"level":60,"time":1715492769357,"pid":8592,"hostname":"DESKTOP-D7AG2LN","error":"404","url":"/api/v1/tasks"}
{"level":60,"time":1715492770570,"pid":8592,"hostname":"DESKTOP-D7AG2LN","error":"404","url":"/api/v1/tasks"}
{"level":60,"time":1715492771088,"pid":8592,"hostname":"DESKTOP-D7AG2LN","error":"404","url":"/api/v1/tasks"}
{"level":60,"time":1715492771354,"pid":8592,"hostname":"DESKTOP-D7AG2LN","error":"404","url":"/api/v1/tasks"}
{"level":60,"time":1715492771626,"pid":8592,"hostname":"DESKTOP-D7AG2LN","error":"404","url":"/api/v1/tasks"}
{"level":60,"time":1715492790957,"pid":8592,"hostname":"DESKTOP-D7AG2LN","error":"404","url":"/api/v1/tasks"}
{"level":60,"time":1715492817486,"pid":8592,"hostname":"DESKTOP-D7AG2LN","error":"404","url":"/api/v1/tasks"}
{"level":60,"time":1715492819869,"pid":8592,"hostname":"DESKTOP-D7AG2LN","error":"404","url":"/api/v1/tasks/1"}
{"level":60,"time":1715492852825,"pid":8592,"hostname":"DESKTOP-D7AG2LN","error":"404","url":"/api/v1/tasks/store"}
{"level":60,"time":1715492854851,"pid":8592,"hostname":"DESKTOP-D7AG2LN","error":"404","url":"/api/v1/tasks/store"}
{"level":60,"time":1715584164439,"pid":3128,"hostname":"DESKTOP-D7AG2LN","error":"404","url":"/api/v1/lone-payments"}
{"level":60,"time":1715584333173,"pid":3128,"hostname":"DESKTOP-D7AG2LN","error":"404","url":"/api/v1/lone-payments/store"}
{"level":60,"time":1715584646929,"pid":3128,"hostname":"DESKTOP-D7AG2LN","error":"404","url":"/api/v1/lone-payments"}
{"level":60,"time":1715584649499,"pid":3128,"hostname":"DESKTOP-D7AG2LN","error":"404","url":"/api/v1/lone-payments/1"}
{"level":60,"time":1715584652358,"pid":3128,"hostname":"DESKTOP-D7AG2LN","error":"404","url":"/api/v1/lone-payments/store"}
{"level":60,"time":1715590900709,"pid":3128,"hostname":"DESKTOP-D7AG2LN","error":"404","url":"/api/v1/lone-payments"}
{"level":60,"time":1715591207538,"pid":3128,"hostname":"DESKTOP-D7AG2LN","error":"404","url":"/api/v1/lone-payments/store"}
{"level":60,"time":1715592995566,"pid":11424,"hostname":"DESKTOP-D7AG2LN","error":"404","url":"/api/v1/lone-payments"}
{"level":60,"time":1715593002718,"pid":11424,"hostname":"DESKTOP-D7AG2LN","error":"404","url":"/api/v1/lone-payments/1"}
{"level":60,"time":1715593205854,"pid":11128,"hostname":"DESKTOP-D7AG2LN","error":"404","url":"/api/v1/lone-payments/store"}
{"level":60,"time":1715593220464,"pid":11128,"hostname":"DESKTOP-D7AG2LN","error":"404","url":"/api/v1/lone-payments/store"}
{"level":60,"time":1715593221169,"pid":11128,"hostname":"DESKTOP-D7AG2LN","error":"404","url":"/api/v1/lone-payments/store"}
{"level":60,"time":1715593304793,"pid":11128,"hostname":"DESKTOP-D7AG2LN","error":"404","url":"/api/v1/lone-payments/store"}
{"level":60,"time":1715593431391,"pid":8296,"hostname":"DESKTOP-D7AG2LN","error":"404","url":"/api/v1/lone-payments"}
{"level":60,"time":1715593433389,"pid":8296,"hostname":"DESKTOP-D7AG2LN","error":"404","url":"/api/v1/lone-payments/store"}
{"level":60,"time":1715593433903,"pid":8296,"hostname":"DESKTOP-D7AG2LN","error":"404","url":"/api/v1/lone-payments/store"}
{"level":60,"time":1715593434123,"pid":8296,"hostname":"DESKTOP-D7AG2LN","error":"404","url":"/api/v1/lone-payments/store"}
{"level":60,"time":1715593434337,"pid":8296,"hostname":"DESKTOP-D7AG2LN","error":"404","url":"/api/v1/lone-payments/store"}
{"level":60,"time":1715690664908,"pid":12372,"hostname":"DESKTOP-D7AG2LN","error":"404","url":"/api/v1/asset-audits-items/store"}
{"level":60,"time":1715691428802,"pid":2628,"hostname":"DESKTOP-D7AG2LN","error":"404","url":"/api/v1/asset-audits-items/store"}
{"level":60,"time":1715691952057,"pid":5932,"hostname":"DESKTOP-D7AG2LN","error":"404","url":"/api/v1/asset-audits-items/store"}
{"level":60,"time":1715692089563,"pid":5932,"hostname":"DESKTOP-D7AG2LN","error":"404","url":"/api/v1/asset-audits-items/store"}
{"level":60,"time":1715692134285,"pid":12552,"hostname":"DESKTOP-D7AG2LN","error":"404","url":"/api/v1/asset-audits-items/store"}
{"level":60,"time":1715692191288,"pid":10800,"hostname":"DESKTOP-D7AG2LN","error":"404","url":"/api/v1/asset-audits-items/store"}
{"level":60,"time":1715692406998,"pid":2560,"hostname":"DESKTOP-D7AG2LN","error":"404","url":"/api/v1/asset-audits-items/store"}
{"level":60,"time":1715692525110,"pid":2560,"hostname":"DESKTOP-D7AG2LN","error":"404","url":"/api/v1/asset-audits-items"}
{"level":60,"time":1715692548989,"pid":10796,"hostname":"DESKTOP-D7AG2LN","error":"404","url":"/api/v1/asset-audits-items"}
